2025-02-04 16:52:31,185 [background-preinit] INFO  o.h.validator.internal.util.Version - HV000001: Hibernate Validator 8.0.1.Final
2025-02-04 16:52:31,273 [main] INFO  c.e.d.DocumentIntelligenceApplication - Starting DocumentIntelligenceApplication using Java 21 with PID 12300 (C:\srv\ws\poc-document-intelligence\target\classes started by renan in C:\srv\ws\poc-document-intelligence)
2025-02-04 16:52:31,273 [main] DEBUG c.e.d.DocumentIntelligenceApplication - Running with Spring Boot v3.2.2, Spring v6.1.3
2025-02-04 16:52:31,275 [main] INFO  c.e.d.DocumentIntelligenceApplication - No active profile set, falling back to 1 default profile: "default"
2025-02-04 16:52:35,308 [main] INFO  o.s.b.w.e.tomcat.TomcatWebServer - Tomcat initialized with port 8080 (http)
2025-02-04 16:52:35,347 [main] INFO  o.a.coyote.http11.Http11NioProtocol - Initializing ProtocolHandler ["http-nio-8080"]
2025-02-04 16:52:35,354 [main] INFO  o.a.catalina.core.StandardService - Starting service [Tomcat]
2025-02-04 16:52:35,355 [main] INFO  o.a.catalina.core.StandardEngine - Starting Servlet engine: [Apache Tomcat/10.1.18]
2025-02-04 16:52:35,630 [main] INFO  o.a.c.c.C.[Tomcat].[localhost].[/] - Initializing Spring embedded WebApplicationContext
2025-02-04 16:52:35,636 [main] INFO  o.s.b.w.s.c.ServletWebServerApplicationContext - Root WebApplicationContext: initialization completed in 4143 ms
2025-02-04 16:52:36,654 [main] INFO  c.e.d.i.a.AzureDocumentAnalyzer - Initializing Azure Document Intelligence client with endpoint: https://evandrorenanpocdocumentintelligence.cognitiveservices.azure.com/
2025-02-04 16:52:37,026 [main] INFO  c.a.c.h.n.i.NettyUtility - {"az.sdk.message":"The following Netty versions were found on the classpath and have a mismatch with the versions used by azure-core-http-netty. If your application runs without issue this message can be ignored, otherwise please align the Netty versions used in your application. For more information, see https://aka.ms/azsdk/java/dependency/troubleshoot.","azure-netty-version":"4.1.115.Final","azure-netty-native-version":"2.0.69.Final","classpath-netty-version-io.netty:netty-common":"4.1.105.Final","classpath-netty-version-io.netty:netty-handler":"4.1.105.Final","classpath-netty-version-io.netty:netty-handler-proxy":"4.1.105.Final","classpath-netty-version-io.netty:netty-buffer":"4.1.105.Final","classpath-netty-version-io.netty:netty-codec":"4.1.105.Final","classpath-netty-version-io.netty:netty-codec-http":"4.1.105.Final","classpath-netty-version-io.netty:netty-codec-http2":"4.1.105.Final","classpath-netty-version-io.netty:netty-transport-native-unix-common":"4.1.105.Final","classpath-netty-version-io.netty:netty-transport-native-epoll":"4.1.105.Final","classpath-netty-version-io.netty:netty-transport-native-kqueue":"4.1.105.Final","classpath-native-netty-version-io.netty:netty-tcnative-boringssl-static":"2.0.61.Final"}
2025-02-04 16:52:37,351 [main] INFO  c.e.d.i.a.AzureDocumentAnalyzer - Azure Document Intelligence client initialized successfully
2025-02-04 16:52:43,284 [main] INFO  o.s.b.a.e.web.EndpointLinksResolver - Exposing 3 endpoint(s) beneath base path '/actuator'
2025-02-04 16:52:43,604 [main] INFO  o.a.coyote.http11.Http11NioProtocol - Starting ProtocolHandler ["http-nio-8080"]
2025-02-04 16:52:43,706 [main] INFO  o.s.b.w.e.tomcat.TomcatWebServer - Tomcat started on port 8080 (http) with context path ''
2025-02-04 16:52:43,789 [main] INFO  c.e.d.DocumentIntelligenceApplication - Started DocumentIntelligenceApplication in 13.936 seconds (process running for 15.454)
2025-02-04 16:53:01,356 [http-nio-8080-exec-1] INFO  o.a.c.c.C.[Tomcat].[localhost].[/] - Initializing Spring DispatcherServlet 'dispatcherServlet'
2025-02-04 16:53:01,356 [http-nio-8080-exec-1] INFO  o.s.web.servlet.DispatcherServlet - Initializing Servlet 'dispatcherServlet'
2025-02-04 16:53:01,359 [http-nio-8080-exec-1] INFO  o.s.web.servlet.DispatcherServlet - Completed initialization in 2 ms
2025-02-04 16:53:02,306 [http-nio-8080-exec-1] INFO  c.e.d.application.DocumentService - Received document submission request. Type: REGISTRO_MATRICULA, Protocol: 062c5edb-5d6b-4adf-b7f1-c4594695aeb2
2025-02-04 16:53:02,310 [http-nio-8080-exec-1] DEBUG c.e.d.application.DocumentService - Saving initial pending analysis record
2025-02-04 16:53:02,312 [http-nio-8080-exec-1] INFO  c.e.d.application.DocumentService - Starting async document processing for protocol: 062c5edb-5d6b-4adf-b7f1-c4594695aeb2
2025-02-04 16:53:02,312 [http-nio-8080-exec-1] INFO  c.e.d.application.DocumentService - Starting async document analysis. Protocol: 062c5edb-5d6b-4adf-b7f1-c4594695aeb2, Type: REGISTRO_MATRICULA
2025-02-04 16:53:02,313 [http-nio-8080-exec-1] DEBUG c.e.d.application.DocumentService - Calling document analyzer service
2025-02-04 16:53:02,313 [http-nio-8080-exec-1] INFO  c.e.d.i.a.AzureDocumentAnalyzer - Starting document analysis for type: REGISTRO_MATRICULA
2025-02-04 16:53:02,313 [http-nio-8080-exec-1] DEBUG c.e.d.i.a.AzureDocumentAnalyzer - Decoding base64 document
2025-02-04 16:53:02,314 [http-nio-8080-exec-1] DEBUG c.e.d.i.a.AzureDocumentAnalyzer - Document decoded, size: 135429 bytes
2025-02-04 16:53:02,315 [http-nio-8080-exec-1] DEBUG c.e.d.i.a.AzureDocumentAnalyzer - Creating analyze options with prebuilt-document model
2025-02-04 16:53:02,344 [http-nio-8080-exec-1] INFO  c.e.d.i.a.AzureDocumentAnalyzer - Sending document to Azure for analysis
2025-02-04 16:53:08,270 [http-nio-8080-exec-1] ERROR c.e.d.i.a.AzureDocumentAnalyzer - Error analyzing document of type REGISTRO_MATRICULA: Status code 404, "{"error":{"code":"NotFound","message":"Resource not found.","innererror":{"code":"ModelNotFound","message":"The requested model was not found."}}}"
com.azure.core.exception.ResourceNotFoundException: Status code 404, "{"error":{"code":"NotFound","message":"Resource not found.","innererror":{"code":"ModelNotFound","message":"The requested model was not found."}}}"
	at com.azure.core.implementation.http.rest.RestProxyBase.instantiateUnexpectedException(RestProxyBase.java:398)
	at com.azure.core.implementation.http.rest.SyncRestProxy.ensureExpectedStatus(SyncRestProxy.java:133)
	at com.azure.core.implementation.http.rest.SyncRestProxy.handleRestReturnType(SyncRestProxy.java:211)
	at com.azure.core.implementation.http.rest.SyncRestProxy.invoke(SyncRestProxy.java:86)
	at com.azure.core.implementation.http.rest.RestProxyBase.invoke(RestProxyBase.java:124)
	at com.azure.core.http.rest.RestProxy.invoke(RestProxy.java:95)
	at jdk.proxy2/jdk.proxy2.$Proxy95.analyzeDocumentSync(Unknown Source)
	at com.azure.ai.documentintelligence.implementation.DocumentIntelligenceClientImpl.analyzeDocumentWithResponse(DocumentIntelligenceClientImpl.java:487)
	at com.azure.ai.documentintelligence.implementation.DocumentIntelligenceClientImpl.lambda$beginAnalyzeDocumentWithModel$4(DocumentIntelligenceClientImpl.java:712)
	at com.azure.core.util.polling.SyncPoller.lambda$createPoller$0(SyncPoller.java:227)
	at com.azure.core.util.polling.SimpleSyncPoller.<init>(SimpleSyncPoller.java:92)
	at com.azure.core.util.polling.SyncPoller.createPoller(SyncPoller.java:196)
	at com.azure.core.util.polling.SyncPoller.createPoller(SyncPoller.java:240)
	at com.azure.ai.documentintelligence.implementation.DocumentIntelligenceClientImpl.beginAnalyzeDocumentWithModel(DocumentIntelligenceClientImpl.java:711)
	at com.azure.ai.documentintelligence.DocumentIntelligenceClient.beginAnalyzeDocument(DocumentIntelligenceClient.java:658)
	at com.azure.ai.documentintelligence.DocumentIntelligenceClient.beginAnalyzeDocument(DocumentIntelligenceClient.java:682)
	at com.example.documentintelligence.infrastructure.adapter.AzureDocumentAnalyzer.analyzeDocument(AzureDocumentAnalyzer.java:50)
	at com.example.documentintelligence.application.DocumentService.processDocumentAsync(DocumentService.java:53)
	at com.example.documentintelligence.application.DocumentService.submitDocument(DocumentService.java:42)
	at java.base/jdk.internal.reflect.DirectMethodHandleAccessor.invoke(DirectMethodHandleAccessor.java:103)
	at java.base/java.lang.reflect.Method.invoke(Method.java:580)
	at org.springframework.aop.support.AopUtils.invokeJoinpointUsingReflection(AopUtils.java:351)
	at org.springframework.aop.framework.CglibAopProxy$DynamicAdvisedInterceptor.intercept(CglibAopProxy.java:713)
	at com.example.documentintelligence.application.DocumentService$$SpringCGLIB$$0.submitDocument(<generated>)
	at com.example.documentintelligence.infrastructure.api.DocumentController.submitDocument(DocumentController.java:34)
	at java.base/jdk.internal.reflect.DirectMethodHandleAccessor.invoke(DirectMethodHandleAccessor.java:103)
	at java.base/java.lang.reflect.Method.invoke(Method.java:580)
	at org.springframework.web.method.support.InvocableHandlerMethod.doInvoke(InvocableHandlerMethod.java:261)
	at org.springframework.web.method.support.InvocableHandlerMethod.invokeForRequest(InvocableHandlerMethod.java:189)
	at org.springframework.web.servlet.mvc.method.annotation.ServletInvocableHandlerMethod.invokeAndHandle(ServletInvocableHandlerMethod.java:118)
	at org.springframework.web.servlet.mvc.method.annotation.RequestMappingHandlerAdapter.invokeHandlerMethod(RequestMappingHandlerAdapter.java:917)
	at org.springframework.web.servlet.mvc.method.annotation.RequestMappingHandlerAdapter.handleInternal(RequestMappingHandlerAdapter.java:829)
	at org.springframework.web.servlet.mvc.method.AbstractHandlerMethodAdapter.handle(AbstractHandlerMethodAdapter.java:87)
	at org.springframework.web.servlet.DispatcherServlet.doDispatch(DispatcherServlet.java:1089)
	at org.springframework.web.servlet.DispatcherServlet.doService(DispatcherServlet.java:979)
	at org.springframework.web.servlet.FrameworkServlet.processRequest(FrameworkServlet.java:1014)
	at org.springframework.web.servlet.FrameworkServlet.doPost(FrameworkServlet.java:914)
	at jakarta.servlet.http.HttpServlet.service(HttpServlet.java:590)
	at org.springframework.web.servlet.FrameworkServlet.service(FrameworkServlet.java:885)
	at jakarta.servlet.http.HttpServlet.service(HttpServlet.java:658)
	at org.apache.catalina.core.ApplicationFilterChain.internalDoFilter(ApplicationFilterChain.java:205)
	at org.apache.catalina.core.ApplicationFilterChain.doFilter(ApplicationFilterChain.java:149)
	at org.apache.tomcat.websocket.server.WsFilter.doFilter(WsFilter.java:51)
	at org.apache.catalina.core.ApplicationFilterChain.internalDoFilter(ApplicationFilterChain.java:174)
	at org.apache.catalina.core.ApplicationFilterChain.doFilter(ApplicationFilterChain.java:149)
	at org.springframework.web.filter.RequestContextFilter.doFilterInternal(RequestContextFilter.java:100)
	at org.springframework.web.filter.OncePerRequestFilter.doFilter(OncePerRequestFilter.java:116)
	at org.apache.catalina.core.ApplicationFilterChain.internalDoFilter(ApplicationFilterChain.java:174)
	at org.apache.catalina.core.ApplicationFilterChain.doFilter(ApplicationFilterChain.java:149)
	at org.springframework.web.filter.FormContentFilter.doFilterInternal(FormContentFilter.java:93)
	at org.springframework.web.filter.OncePerRequestFilter.doFilter(OncePerRequestFilter.java:116)
	at org.apache.catalina.core.ApplicationFilterChain.internalDoFilter(ApplicationFilterChain.java:174)
	at org.apache.catalina.core.ApplicationFilterChain.doFilter(ApplicationFilterChain.java:149)
	at org.springframework.web.filter.ServerHttpObservationFilter.doFilterInternal(ServerHttpObservationFilter.java:109)
	at org.springframework.web.filter.OncePerRequestFilter.doFilter(OncePerRequestFilter.java:116)
	at org.apache.catalina.core.ApplicationFilterChain.internalDoFilter(ApplicationFilterChain.java:174)
	at org.apache.catalina.core.ApplicationFilterChain.doFilter(ApplicationFilterChain.java:149)
	at org.springframework.web.filter.CharacterEncodingFilter.doFilterInternal(CharacterEncodingFilter.java:201)
	at org.springframework.web.filter.OncePerRequestFilter.doFilter(OncePerRequestFilter.java:116)
	at org.apache.catalina.core.ApplicationFilterChain.internalDoFilter(ApplicationFilterChain.java:174)
	at org.apache.catalina.core.ApplicationFilterChain.doFilter(ApplicationFilterChain.java:149)
	at org.apache.catalina.core.StandardWrapperValve.invoke(StandardWrapperValve.java:167)
	at org.apache.catalina.core.StandardContextValve.invoke(StandardContextValve.java:90)
	at org.apache.catalina.authenticator.AuthenticatorBase.invoke(AuthenticatorBase.java:482)
	at org.apache.catalina.core.StandardHostValve.invoke(StandardHostValve.java:115)
	at org.apache.catalina.valves.ErrorReportValve.invoke(ErrorReportValve.java:93)
	at org.apache.catalina.core.StandardEngineValve.invoke(StandardEngineValve.java:74)
	at org.apache.catalina.connector.CoyoteAdapter.service(CoyoteAdapter.java:340)
	at org.apache.coyote.http11.Http11Processor.service(Http11Processor.java:391)
	at org.apache.coyote.AbstractProcessorLight.process(AbstractProcessorLight.java:63)
	at org.apache.coyote.AbstractProtocol$ConnectionHandler.process(AbstractProtocol.java:896)
	at org.apache.tomcat.util.net.NioEndpoint$SocketProcessor.doRun(NioEndpoint.java:1744)
	at org.apache.tomcat.util.net.SocketProcessorBase.run(SocketProcessorBase.java:52)
	at org.apache.tomcat.util.threads.ThreadPoolExecutor.runWorker(ThreadPoolExecutor.java:1191)
	at org.apache.tomcat.util.threads.ThreadPoolExecutor$Worker.run(ThreadPoolExecutor.java:659)
	at org.apache.tomcat.util.threads.TaskThread$WrappingRunnable.run(TaskThread.java:61)
	at java.base/java.lang.Thread.run(Thread.java:1583)
2025-02-04 16:53:08,274 [http-nio-8080-exec-1] ERROR c.e.d.application.DocumentService - Error processing document. Protocol: 062c5edb-5d6b-4adf-b7f1-c4594695aeb2, Type: REGISTRO_MATRICULA, Error: Status code 404, "{"error":{"code":"NotFound","message":"Resource not found.","innererror":{"code":"ModelNotFound","message":"The requested model was not found."}}}"
com.azure.core.exception.ResourceNotFoundException: Status code 404, "{"error":{"code":"NotFound","message":"Resource not found.","innererror":{"code":"ModelNotFound","message":"The requested model was not found."}}}"
	at com.azure.core.implementation.http.rest.RestProxyBase.instantiateUnexpectedException(RestProxyBase.java:398)
	at com.azure.core.implementation.http.rest.SyncRestProxy.ensureExpectedStatus(SyncRestProxy.java:133)
	at com.azure.core.implementation.http.rest.SyncRestProxy.handleRestReturnType(SyncRestProxy.java:211)
	at com.azure.core.implementation.http.rest.SyncRestProxy.invoke(SyncRestProxy.java:86)
	at com.azure.core.implementation.http.rest.RestProxyBase.invoke(RestProxyBase.java:124)
	at com.azure.core.http.rest.RestProxy.invoke(RestProxy.java:95)
	at jdk.proxy2/jdk.proxy2.$Proxy95.analyzeDocumentSync(Unknown Source)
	at com.azure.ai.documentintelligence.implementation.DocumentIntelligenceClientImpl.analyzeDocumentWithResponse(DocumentIntelligenceClientImpl.java:487)
	at com.azure.ai.documentintelligence.implementation.DocumentIntelligenceClientImpl.lambda$beginAnalyzeDocumentWithModel$4(DocumentIntelligenceClientImpl.java:712)
	at com.azure.core.util.polling.SyncPoller.lambda$createPoller$0(SyncPoller.java:227)
	at com.azure.core.util.polling.SimpleSyncPoller.<init>(SimpleSyncPoller.java:92)
	at com.azure.core.util.polling.SyncPoller.createPoller(SyncPoller.java:196)
	at com.azure.core.util.polling.SyncPoller.createPoller(SyncPoller.java:240)
	at com.azure.ai.documentintelligence.implementation.DocumentIntelligenceClientImpl.beginAnalyzeDocumentWithModel(DocumentIntelligenceClientImpl.java:711)
	at com.azure.ai.documentintelligence.DocumentIntelligenceClient.beginAnalyzeDocument(DocumentIntelligenceClient.java:658)
	at com.azure.ai.documentintelligence.DocumentIntelligenceClient.beginAnalyzeDocument(DocumentIntelligenceClient.java:682)
	at com.example.documentintelligence.infrastructure.adapter.AzureDocumentAnalyzer.analyzeDocument(AzureDocumentAnalyzer.java:50)
	at com.example.documentintelligence.application.DocumentService.processDocumentAsync(DocumentService.java:53)
	at com.example.documentintelligence.application.DocumentService.submitDocument(DocumentService.java:42)
	at java.base/jdk.internal.reflect.DirectMethodHandleAccessor.invoke(DirectMethodHandleAccessor.java:103)
	at java.base/java.lang.reflect.Method.invoke(Method.java:580)
	at org.springframework.aop.support.AopUtils.invokeJoinpointUsingReflection(AopUtils.java:351)
	at org.springframework.aop.framework.CglibAopProxy$DynamicAdvisedInterceptor.intercept(CglibAopProxy.java:713)
	at com.example.documentintelligence.application.DocumentService$$SpringCGLIB$$0.submitDocument(<generated>)
	at com.example.documentintelligence.infrastructure.api.DocumentController.submitDocument(DocumentController.java:34)
	at java.base/jdk.internal.reflect.DirectMethodHandleAccessor.invoke(DirectMethodHandleAccessor.java:103)
	at java.base/java.lang.reflect.Method.invoke(Method.java:580)
	at org.springframework.web.method.support.InvocableHandlerMethod.doInvoke(InvocableHandlerMethod.java:261)
	at org.springframework.web.method.support.InvocableHandlerMethod.invokeForRequest(InvocableHandlerMethod.java:189)
	at org.springframework.web.servlet.mvc.method.annotation.ServletInvocableHandlerMethod.invokeAndHandle(ServletInvocableHandlerMethod.java:118)
	at org.springframework.web.servlet.mvc.method.annotation.RequestMappingHandlerAdapter.invokeHandlerMethod(RequestMappingHandlerAdapter.java:917)
	at org.springframework.web.servlet.mvc.method.annotation.RequestMappingHandlerAdapter.handleInternal(RequestMappingHandlerAdapter.java:829)
	at org.springframework.web.servlet.mvc.method.AbstractHandlerMethodAdapter.handle(AbstractHandlerMethodAdapter.java:87)
	at org.springframework.web.servlet.DispatcherServlet.doDispatch(DispatcherServlet.java:1089)
	at org.springframework.web.servlet.DispatcherServlet.doService(DispatcherServlet.java:979)
	at org.springframework.web.servlet.FrameworkServlet.processRequest(FrameworkServlet.java:1014)
	at org.springframework.web.servlet.FrameworkServlet.doPost(FrameworkServlet.java:914)
	at jakarta.servlet.http.HttpServlet.service(HttpServlet.java:590)
	at org.springframework.web.servlet.FrameworkServlet.service(FrameworkServlet.java:885)
	at jakarta.servlet.http.HttpServlet.service(HttpServlet.java:658)
	at org.apache.catalina.core.ApplicationFilterChain.internalDoFilter(ApplicationFilterChain.java:205)
	at org.apache.catalina.core.ApplicationFilterChain.doFilter(ApplicationFilterChain.java:149)
	at org.apache.tomcat.websocket.server.WsFilter.doFilter(WsFilter.java:51)
	at org.apache.catalina.core.ApplicationFilterChain.internalDoFilter(ApplicationFilterChain.java:174)
	at org.apache.catalina.core.ApplicationFilterChain.doFilter(ApplicationFilterChain.java:149)
	at org.springframework.web.filter.RequestContextFilter.doFilterInternal(RequestContextFilter.java:100)
	at org.springframework.web.filter.OncePerRequestFilter.doFilter(OncePerRequestFilter.java:116)
	at org.apache.catalina.core.ApplicationFilterChain.internalDoFilter(ApplicationFilterChain.java:174)
	at org.apache.catalina.core.ApplicationFilterChain.doFilter(ApplicationFilterChain.java:149)
	at org.springframework.web.filter.FormContentFilter.doFilterInternal(FormContentFilter.java:93)
	at org.springframework.web.filter.OncePerRequestFilter.doFilter(OncePerRequestFilter.java:116)
	at org.apache.catalina.core.ApplicationFilterChain.internalDoFilter(ApplicationFilterChain.java:174)
	at org.apache.catalina.core.ApplicationFilterChain.doFilter(ApplicationFilterChain.java:149)
	at org.springframework.web.filter.ServerHttpObservationFilter.doFilterInternal(ServerHttpObservationFilter.java:109)
	at org.springframework.web.filter.OncePerRequestFilter.doFilter(OncePerRequestFilter.java:116)
	at org.apache.catalina.core.ApplicationFilterChain.internalDoFilter(ApplicationFilterChain.java:174)
	at org.apache.catalina.core.ApplicationFilterChain.doFilter(ApplicationFilterChain.java:149)
	at org.springframework.web.filter.CharacterEncodingFilter.doFilterInternal(CharacterEncodingFilter.java:201)
	at org.springframework.web.filter.OncePerRequestFilter.doFilter(OncePerRequestFilter.java:116)
	at org.apache.catalina.core.ApplicationFilterChain.internalDoFilter(ApplicationFilterChain.java:174)
	at org.apache.catalina.core.ApplicationFilterChain.doFilter(ApplicationFilterChain.java:149)
	at org.apache.catalina.core.StandardWrapperValve.invoke(StandardWrapperValve.java:167)
	at org.apache.catalina.core.StandardContextValve.invoke(StandardContextValve.java:90)
	at org.apache.catalina.authenticator.AuthenticatorBase.invoke(AuthenticatorBase.java:482)
	at org.apache.catalina.core.StandardHostValve.invoke(StandardHostValve.java:115)
	at org.apache.catalina.valves.ErrorReportValve.invoke(ErrorReportValve.java:93)
	at org.apache.catalina.core.StandardEngineValve.invoke(StandardEngineValve.java:74)
	at org.apache.catalina.connector.CoyoteAdapter.service(CoyoteAdapter.java:340)
	at org.apache.coyote.http11.Http11Processor.service(Http11Processor.java:391)
	at org.apache.coyote.AbstractProcessorLight.process(AbstractProcessorLight.java:63)
	at org.apache.coyote.AbstractProtocol$ConnectionHandler.process(AbstractProtocol.java:896)
	at org.apache.tomcat.util.net.NioEndpoint$SocketProcessor.doRun(NioEndpoint.java:1744)
	at org.apache.tomcat.util.net.SocketProcessorBase.run(SocketProcessorBase.java:52)
	at org.apache.tomcat.util.threads.ThreadPoolExecutor.runWorker(ThreadPoolExecutor.java:1191)
	at org.apache.tomcat.util.threads.ThreadPoolExecutor$Worker.run(ThreadPoolExecutor.java:659)
	at org.apache.tomcat.util.threads.TaskThread$WrappingRunnable.run(TaskThread.java:61)
	at java.base/java.lang.Thread.run(Thread.java:1583)
2025-02-04 16:53:08,275 [http-nio-8080-exec-1] DEBUG c.e.d.application.DocumentService - Saving failed analysis result
2025-02-04 16:53:08,275 [http-nio-8080-exec-1] DEBUG c.e.d.application.DocumentService - Returning protocol to client: 062c5edb-5d6b-4adf-b7f1-c4594695aeb2
